<?xml version="1.0" encoding="UTF-8"?>
<testng-results skipped="0" failed="0" total="1" passed="1">
  <reporter-output>
  </reporter-output>
  <suite name="Default suite" duration-ms="24481" started-at="2016-07-18T13:28:00Z" finished-at="2016-07-18T13:28:25Z">
    <groups>
    </groups>
    <test name="Default test" duration-ms="24481" started-at="2016-07-18T13:28:00Z" finished-at="2016-07-18T13:28:25Z">
      <class name="testcases.VerifyLogInPageWithReports1">
        <test-method status="PASS" signature="setUp()[pri:0, instance:testcases.VerifyLogInPageWithReports1@59fa1d9b]" name="setUp" is-config="true" duration-ms="9745" started-at="2016-07-18T18:58:00Z" finished-at="2016-07-18T18:58:10Z">
          <reporter-output>
          </reporter-output>
        </test-method> <!-- setUp -->
        <test-method status="PASS" signature="testHomePage()[pri:0, instance:testcases.VerifyLogInPageWithReports1@59fa1d9b]" name="testHomePage" duration-ms="13316" started-at="2016-07-18T18:58:10Z" finished-at="2016-07-18T18:58:23Z">
          <reporter-output>
          </reporter-output>
        </test-method> <!-- testHomePage -->
        <test-method status="PASS" signature="tearDown(org.testng.ITestResult)[pri:0, instance:testcases.VerifyLogInPageWithReports1@59fa1d9b]" name="tearDown" is-config="true" duration-ms="1388" started-at="2016-07-18T18:58:23Z" finished-at="2016-07-18T18:58:25Z">
          <params>
            <param index="0">
              <value>
                <![CDATA[[TestResult name=testHomePage status=SUCCESS method=VerifyLogInPageWithReports1.testHomePage()[pri:0, instance:testcases.VerifyLogInPageWithReports1@59fa1d9b] output={null}]]]>
              </value>
            </param>
          </params>
          <reporter-output>
          </reporter-output>
        </test-method> <!-- tearDown -->
      </class> <!-- testcases.VerifyLogInPageWithReports1 -->
    </test> <!-- Default test -->
  </suite> <!-- Default suite -->
</testng-results>
